[0m15:32:14.859356 [debug] [MainThread]: Sending event: {'category': 'dbt', 'action': 'invocation', 'label': 'start', 'context': [<snowplow_tracker.self_describing_json.SelfDescribingJson object at 0x7f3f05e2b2b0>, <snowplow_tracker.self_describing_json.SelfDescribingJson object at 0x7f3f06175cc0>, <snowplow_tracker.self_describing_json.SelfDescribingJson object at 0x7f3f06175c60>]}


============================== 15:32:14.868970 | 3690a260-3b71-4552-a5f1-7c27c92a1f11 ==============================
[0m15:32:14.868970 [info ] [MainThread]: Running with dbt=1.8.7
[0m15:32:14.870231 [debug] [MainThread]: running dbt with arguments {'printer_width': '80', 'indirect_selection': 'eager', 'write_json': 'True', 'log_cache_events': 'False', 'partial_parse': 'True', 'cache_selected_only': 'False', 'warn_error': 'None', 'fail_fast': 'False', 'version_check': 'True', 'log_path': 'logs', 'debug': 'False', 'profiles_dir': '/home/matyy/.dbt', 'use_colors': 'True', 'use_experimental_parser': 'False', 'no_print': 'None', 'quiet': 'False', 'empty': 'None', 'log_format': 'default', 'invocation_command': 'dbt init', 'warn_error_options': 'WarnErrorOptions(include=[], exclude=[])', 'introspect': 'True', 'target_path': 'None', 'static_parser': 'True', 'send_anonymous_usage_stats': 'True'}
[0m15:32:25.369993 [debug] [MainThread]: Starter project path: /mnt/c/Users/DR_OM/Gitprojects/dbt-Snowflake-Airflow/dbt-env/lib/python3.10/site-packages/dbt/include/starter_project
[0m15:32:25.623384 [info ] [MainThread]: 
Your new dbt project "data_pipeline" was created!

For more information on how to configure the profiles.yml file,
please consult the dbt documentation here:

  https://docs.getdbt.com/docs/configure-your-profile

One more thing:

Need help? Don't hesitate to reach out to us via GitHub issues or on Slack:

  https://community.getdbt.com/

Happy modeling!

[0m15:32:25.624573 [info ] [MainThread]: Setting up your profile.
[0m15:33:00.182904 [info ] [MainThread]: Profile data_pipeline written to /home/matyy/.dbt/profiles.yml using target's profile_template.yml and your supplied values. Run 'dbt debug' to validate the connection.
[0m15:33:00.188450 [debug] [MainThread]: Resource report: {"command_name": "init", "command_success": true, "command_wall_clock_time": 45.384563, "process_user_time": 1.500449, "process_kernel_time": 0.588013, "process_mem_max_rss": "106152", "process_in_blocks": "19808", "process_out_blocks": "8"}
[0m15:33:00.189886 [debug] [MainThread]: Command `dbt init` succeeded at 15:33:00.189769 after 45.39 seconds
[0m15:33:00.190997 [debug] [MainThread]: Sending event: {'category': 'dbt', 'action': 'invocation', 'label': 'end', 'context': [<snowplow_tracker.self_describing_json.SelfDescribingJson object at 0x7f3f05e2b2b0>, <snowplow_tracker.self_describing_json.SelfDescribingJson object at 0x7f3f06177ca0>, <snowplow_tracker.self_describing_json.SelfDescribingJson object at 0x7f3f06176080>]}
[0m15:33:00.192079 [debug] [MainThread]: Flushing usage events
